Fri Feb 02 2018 07:21:40 GMT-0600 (Central Standard Time): Method=GET : Path = /
Fri Feb 02 2018 07:22:09 GMT-0600 (Central Standard Time): Method=GET : Path = /
Fri Feb 02 2018 07:22:09 GMT-0600 (Central Standard Time): Method=GET : Path = /favicon.ico
Fri Feb 02 2018 07:22:11 GMT-0600 (Central Standard Time): Method=GET : Path = /
Fri Feb 02 2018 07:22:11 GMT-0600 (Central Standard Time): Method=GET : Path = /
Fri Feb 02 2018 07:22:12 GMT-0600 (Central Standard Time): Method=GET : Path = /
Fri Feb 02 2018 07:22:14 GMT-0600 (Central Standard Time): Method=GET : Path = /about
Fri Feb 02 2018 07:22:16 GMT-0600 (Central Standard Time): Method=GET : Path = /
Fri Feb 02 2018 07:22:17 GMT-0600 (Central Standard Time): Method=GET : Path = /about
Fri Feb 02 2018 07:22:17 GMT-0600 (Central Standard Time): Method=GET : Path = /
Fri Feb 02 2018 07:22:26 GMT-0600 (Central Standard Time): Method=GET : Path = /
Fri Feb 02 2018 07:31:09 GMT-0600 (Central Standard Time): Method=GET : Path = /
Fri Feb 02 2018 07:31:14 GMT-0600 (Central Standard Time): Method=GET : Path = /
Fri Feb 02 2018 07:31:15 GMT-0600 (Central Standard Time): Method=GET : Path = /
Fri Feb 02 2018 07:31:35 GMT-0600 (Central Standard Time): Method=GET : Path = /
Fri Feb 02 2018 07:33:42 GMT-0600 (Central Standard Time): Method=GET : Path = /
Fri Feb 02 2018 07:34:59 GMT-0600 (Central Standard Time): Method=GET : Path = /
Fri Feb 02 2018 07:35:05 GMT-0600 (Central Standard Time): Method=GET : Path = /about
Sat Feb 10 2018 12:34:17 GMT-0600 (Central Standard Time): Method=GET : Path = /
Sat Feb 10 2018 12:36:03 GMT-0600 (Central Standard Time): Method=GET : Path = /
Sat Feb 10 2018 12:36:09 GMT-0600 (Central Standard Time): Method=GET : Path = /about
Sat Feb 10 2018 12:38:17 GMT-0600 (Central Standard Time): Method=GET : Path = /
Sat Feb 10 2018 12:38:18 GMT-0600 (Central Standard Time): Method=GET : Path = /
Sat Feb 10 2018 12:41:38 GMT-0600 (Central Standard Time): Method=GET : Path = /
Sat Feb 10 2018 12:41:42 GMT-0600 (Central Standard Time): Method=GET : Path = /details
Sat Feb 10 2018 12:41:44 GMT-0600 (Central Standard Time): Method=GET : Path = /about
Sat Feb 10 2018 12:41:46 GMT-0600 (Central Standard Time): Method=GET : Path = /
